0 info it worked if it ends with ok
1 verbose cli [ 'node', '/usr/local/bin/npm', 'install', 'grunt-spritesmith' ]
2 info using npm@1.3.11
3 info using node@v0.10.21
4 warn package.json sport-relief@0.0.1 No repository field.
5 warn package.json sport-relief@0.0.1 No README data
6 verbose readDependencies using package.json deps
7 verbose cache add [ 'grunt-spritesmith', null ]
8 verbose cache add name=undefined spec="grunt-spritesmith" args=["grunt-spritesmith",null]
9 verbose parsed url { protocol: null,
9 verbose parsed url   slashes: null,
9 verbose parsed url   auth: null,
9 verbose parsed url   host: null,
9 verbose parsed url   port: null,
9 verbose parsed url   hostname: null,
9 verbose parsed url   hash: null,
9 verbose parsed url   search: null,
9 verbose parsed url   query: null,
9 verbose parsed url   pathname: 'grunt-spritesmith',
9 verbose parsed url   path: 'grunt-spritesmith',
9 verbose parsed url   href: 'grunt-spritesmith' }
10 silly lockFile efb83369-grunt-spritesmith grunt-spritesmith
11 verbose lock grunt-spritesmith /Users/lewisnyman/.npm/efb83369-grunt-spritesmith.lock
12 silly lockFile efb83369-grunt-spritesmith grunt-spritesmith
13 silly lockFile efb83369-grunt-spritesmith grunt-spritesmith
14 verbose addNamed [ 'grunt-spritesmith', '' ]
15 verbose addNamed [ null, '*' ]
16 silly lockFile 4c6c56b6-grunt-spritesmith grunt-spritesmith@
17 verbose lock grunt-spritesmith@ /Users/lewisnyman/.npm/4c6c56b6-grunt-spritesmith.lock
18 silly addNameRange { name: 'grunt-spritesmith', range: '*', hasData: false }
19 verbose url raw grunt-spritesmith
20 verbose url resolving [ 'https://registry.npmjs.org/', './grunt-spritesmith' ]
21 verbose url resolved https://registry.npmjs.org/grunt-spritesmith
22 info trying registry request attempt 1 at 15:44:45
23 http GET https://registry.npmjs.org/grunt-spritesmith
24 info retry will retry, error on last attempt: Error: socket hang up
25 info trying registry request attempt 2 at 15:45:08
26 http GET https://registry.npmjs.org/grunt-spritesmith
27 http 200 https://registry.npmjs.org/grunt-spritesmith
28 silly registry.get cb [ 200,
28 silly registry.get   { vary: 'Accept',
28 silly registry.get     server: 'CouchDB/1.3.1 (Erlang OTP/R15B03)',
28 silly registry.get     etag: '"BJ9ZKLGL8ALYQY4HW7ZMPCIOX"',
28 silly registry.get     date: 'Wed, 13 Nov 2013 15:45:32 GMT',
28 silly registry.get     'content-type': 'application/json',
28 silly registry.get     'content-length': '287378' } ]
29 silly addNameRange number 2 { name: 'grunt-spritesmith', range: '*', hasData: true }
30 silly addNameRange versions [ 'grunt-spritesmith',
30 silly addNameRange   [ '0.2.3',
30 silly addNameRange     '0.3.0',
30 silly addNameRange     '0.3.1',
30 silly addNameRange     '0.4.0',
30 silly addNameRange     '0.5.0',
30 silly addNameRange     '0.5.1',
30 silly addNameRange     '0.5.2',
30 silly addNameRange     '0.5.3',
30 silly addNameRange     '0.5.4',
30 silly addNameRange     '0.5.5',
30 silly addNameRange     '0.5.6',
30 silly addNameRange     '0.6.1',
30 silly addNameRange     '0.7.0',
30 silly addNameRange     '0.8.0',
30 silly addNameRange     '0.8.1',
30 silly addNameRange     '0.9.0',
30 silly addNameRange     '1.0.0',
30 silly addNameRange     '1.1.0',
30 silly addNameRange     '1.2.0',
30 silly addNameRange     '1.3.0',
30 silly addNameRange     '1.3.1',
30 silly addNameRange     '1.4.0',
30 silly addNameRange     '1.5.0',
30 silly addNameRange     '1.5.1',
30 silly addNameRange     '1.5.2',
30 silly addNameRange     '1.6.0',
30 silly addNameRange     '1.6.1',
30 silly addNameRange     '1.6.2',
30 silly addNameRange     '1.7.0',
30 silly addNameRange     '1.7.1',
30 silly addNameRange     '1.8.0',
30 silly addNameRange     '1.9.0',
30 silly addNameRange     '1.10.0',
30 silly addNameRange     '1.10.1',
30 silly addNameRange     '1.11.0',
30 silly addNameRange     '1.11.1',
30 silly addNameRange     '1.11.2',
30 silly addNameRange     '1.11.3',
30 silly addNameRange     '1.11.4',
30 silly addNameRange     '1.12.0' ] ]
31 verbose addNamed [ 'grunt-spritesmith', '1.12.0' ]
32 verbose addNamed [ '1.12.0', '1.12.0' ]
33 silly lockFile d00be7a9-grunt-spritesmith-1-12-0 grunt-spritesmith@1.12.0
34 verbose lock grunt-spritesmith@1.12.0 /Users/lewisnyman/.npm/d00be7a9-grunt-spritesmith-1-12-0.lock
35 silly lockFile c593f87d-ith-grunt-spritesmith-1-12-0-tgz https://registry.npmjs.org/grunt-spritesmith/-/grunt-spritesmith-1.12.0.tgz
36 verbose lock https://registry.npmjs.org/grunt-spritesmith/-/grunt-spritesmith-1.12.0.tgz /Users/lewisnyman/.npm/c593f87d-ith-grunt-spritesmith-1-12-0-tgz.lock
37 verbose addRemoteTarball [ 'https://registry.npmjs.org/grunt-spritesmith/-/grunt-spritesmith-1.12.0.tgz',
37 verbose addRemoteTarball   '0f022e9012b642f682c3822f68612ca065fe0a01' ]
38 info retry fetch attempt 1 at 15:45:35
39 verbose fetch to= /Users/lewisnyman/tmp/npm-8071-ywH3TWek/1384357535257-0.006367152323946357/tmp.tgz
40 http GET https://registry.npmjs.org/grunt-spritesmith/-/grunt-spritesmith-1.12.0.tgz
41 http 200 https://registry.npmjs.org/grunt-spritesmith/-/grunt-spritesmith-1.12.0.tgz
42 verbose tar unpack /Users/lewisnyman/tmp/npm-8071-ywH3TWek/1384357535257-0.006367152323946357/tmp.tgz
43 silly lockFile a7be2d31-257-0-006367152323946357-package tar:///Users/lewisnyman/tmp/npm-8071-ywH3TWek/1384357535257-0.006367152323946357/package
44 verbose lock tar:///Users/lewisnyman/tmp/npm-8071-ywH3TWek/1384357535257-0.006367152323946357/package /Users/lewisnyman/.npm/a7be2d31-257-0-006367152323946357-package.lock
45 silly lockFile 3cd652da-257-0-006367152323946357-tmp-tgz tar:///Users/lewisnyman/tmp/npm-8071-ywH3TWek/1384357535257-0.006367152323946357/tmp.tgz
46 verbose lock tar:///Users/lewisnyman/tmp/npm-8071-ywH3TWek/1384357535257-0.006367152323946357/tmp.tgz /Users/lewisnyman/.npm/3cd652da-257-0-006367152323946357-tmp-tgz.lock
47 silly gunzTarPerm modes [ '755', '644' ]
48 silly gunzTarPerm extractEntry package.json
49 silly gunzTarPerm extractEntry .npmignore
50 silly gunzTarPerm extractEntry README.md
51 silly gunzTarPerm extractEntry grunt.js
52 silly gunzTarPerm extractEntry tasks/grunt-spritesmith.js
53 silly gunzTarPerm extractEntry .travis.yml
54 silly gunzTarPerm extractEntry CHANGELOG.md
55 silly gunzTarPerm extractEntry LICENSE-MIT
56 silly gunzTarPerm extractEntry src/grunt-spritesmith.js
57 silly gunzTarPerm extractEntry src-test/Gruntfile.js
58 silly gunzTarPerm extractEntry src-test/grunt-spritesmith.test.js
59 silly gunzTarPerm extractEntry src-test/grunt.js
60 silly gunzTarPerm extractEntry src-test/expected_files/gm.overrides.png
61 silly gunzTarPerm extractEntry src-test/expected_files/canvas.jpg
62 silly gunzTarPerm extractEntry src-test/expected_files/canvas.png
63 silly gunzTarPerm extractEntry src-test/expected_files/css_opts/sprite.png
64 silly gunzTarPerm extractEntry src-test/expected_files/css_opts/sprite_positions.css
65 silly gunzTarPerm extractEntry src-test/expected_files/css_var_map/sprite_positions.styl
66 silly gunzTarPerm extractEntry src-test/expected_files/gm.jpg
67 silly gunzTarPerm extractEntry src-test/expected_files/canvas.overrides.png
68 silly gunzTarPerm extractEntry src-test/expected_files/gm.png
69 silly gunzTarPerm extractEntry src-test/expected_files/sprite_positions.json
70 silly gunzTarPerm extractEntry src-test/expected_files/sprite_positions.overrides.styl
71 silly gunzTarPerm extractEntry src-test/expected_files/sprite_positions.styl
72 silly gunzTarPerm extractEntry src-test/expected_files/sprite_positions_custom_template.styl
73 silly gunzTarPerm extractEntry src-test/test_files/sprite1.png
74 silly gunzTarPerm extractEntry src-test/test_files/sprite2.jpg
75 silly gunzTarPerm extractEntry src-test/test_files/sprite3.png
76 silly gunzTarPerm extractEntry src-test/test_files/template.mustache
77 silly gunzTarPerm extractEntry docs/Gruntfile.js
78 silly gunzTarPerm extractEntry docs/twitter.png
79 silly gunzTarPerm extractEntry docs/alt-diagonal.png
80 silly gunzTarPerm extractEntry docs/binary-tree.css
81 silly gunzTarPerm extractEntry docs/binary-tree.png
82 silly gunzTarPerm extractEntry docs/diagonal.css
83 silly gunzTarPerm extractEntry docs/diagonal.png
84 silly gunzTarPerm extractEntry docs/equals.png
85 silly gunzTarPerm extractEntry docs/fork.png
86 silly gunzTarPerm extractEntry docs/github.png
87 silly gunzTarPerm extractEntry docs/alt-diagonal.css
88 silly gunzTarPerm extractEntry docs/left-right.png
89 silly gunzTarPerm extractEntry docs/main.css
90 silly gunzTarPerm extractEntry docs/main.styl
91 silly gunzTarPerm extractEntry docs/plus.png
92 silly gunzTarPerm extractEntry docs/spritesheet.css.png
93 silly gunzTarPerm extractEntry docs/spritesheet.png
94 silly gunzTarPerm extractEntry docs/top-down.css
95 silly gunzTarPerm extractEntry docs/top-down.png
96 silly gunzTarPerm extractEntry docs/left-right.css
97 silly lockFile a7be2d31-257-0-006367152323946357-package tar:///Users/lewisnyman/tmp/npm-8071-ywH3TWek/1384357535257-0.006367152323946357/package
98 silly lockFile a7be2d31-257-0-006367152323946357-package tar:///Users/lewisnyman/tmp/npm-8071-ywH3TWek/1384357535257-0.006367152323946357/package
99 silly lockFile 3cd652da-257-0-006367152323946357-tmp-tgz tar:///Users/lewisnyman/tmp/npm-8071-ywH3TWek/1384357535257-0.006367152323946357/tmp.tgz
100 silly lockFile 3cd652da-257-0-006367152323946357-tmp-tgz tar:///Users/lewisnyman/tmp/npm-8071-ywH3TWek/1384357535257-0.006367152323946357/tmp.tgz
101 verbose tar pack [ '/Users/lewisnyman/.npm/grunt-spritesmith/1.12.0/package.tgz',
101 verbose tar pack   '/Users/lewisnyman/tmp/npm-8071-ywH3TWek/1384357535257-0.006367152323946357/package' ]
102 verbose tarball /Users/lewisnyman/.npm/grunt-spritesmith/1.12.0/package.tgz
103 verbose folder /Users/lewisnyman/tmp/npm-8071-ywH3TWek/1384357535257-0.006367152323946357/package
104 silly lockFile a7be2d31-257-0-006367152323946357-package tar:///Users/lewisnyman/tmp/npm-8071-ywH3TWek/1384357535257-0.006367152323946357/package
105 verbose lock tar:///Users/lewisnyman/tmp/npm-8071-ywH3TWek/1384357535257-0.006367152323946357/package /Users/lewisnyman/.npm/a7be2d31-257-0-006367152323946357-package.lock
106 silly lockFile 91566d48-t-spritesmith-1-12-0-package-tgz tar:///Users/lewisnyman/.npm/grunt-spritesmith/1.12.0/package.tgz
107 verbose lock tar:///Users/lewisnyman/.npm/grunt-spritesmith/1.12.0/package.tgz /Users/lewisnyman/.npm/91566d48-t-spritesmith-1-12-0-package-tgz.lock
108 silly lockFile a7be2d31-257-0-006367152323946357-package tar:///Users/lewisnyman/tmp/npm-8071-ywH3TWek/1384357535257-0.006367152323946357/package
109 silly lockFile a7be2d31-257-0-006367152323946357-package tar:///Users/lewisnyman/tmp/npm-8071-ywH3TWek/1384357535257-0.006367152323946357/package
110 silly lockFile 91566d48-t-spritesmith-1-12-0-package-tgz tar:///Users/lewisnyman/.npm/grunt-spritesmith/1.12.0/package.tgz
111 silly lockFile 91566d48-t-spritesmith-1-12-0-package-tgz tar:///Users/lewisnyman/.npm/grunt-spritesmith/1.12.0/package.tgz
112 silly lockFile 250c7775-grunt-spritesmith-1-12-0-package /Users/lewisnyman/.npm/grunt-spritesmith/1.12.0/package
113 verbose lock /Users/lewisnyman/.npm/grunt-spritesmith/1.12.0/package /Users/lewisnyman/.npm/250c7775-grunt-spritesmith-1-12-0-package.lock
114 silly lockFile 250c7775-grunt-spritesmith-1-12-0-package /Users/lewisnyman/.npm/grunt-spritesmith/1.12.0/package
115 silly lockFile 250c7775-grunt-spritesmith-1-12-0-package /Users/lewisnyman/.npm/grunt-spritesmith/1.12.0/package
116 verbose tar unpack /Users/lewisnyman/.npm/grunt-spritesmith/1.12.0/package.tgz
117 silly lockFile 864924ad-grunt-spritesmith-1-12-0-package tar:///Users/lewisnyman/.npm/grunt-spritesmith/1.12.0/package
118 verbose lock tar:///Users/lewisnyman/.npm/grunt-spritesmith/1.12.0/package /Users/lewisnyman/.npm/864924ad-grunt-spritesmith-1-12-0-package.lock
119 silly lockFile 91566d48-t-spritesmith-1-12-0-package-tgz tar:///Users/lewisnyman/.npm/grunt-spritesmith/1.12.0/package.tgz
120 verbose lock tar:///Users/lewisnyman/.npm/grunt-spritesmith/1.12.0/package.tgz /Users/lewisnyman/.npm/91566d48-t-spritesmith-1-12-0-package-tgz.lock
121 silly gunzTarPerm modes [ '755', '644' ]
122 silly gunzTarPerm extractEntry package.json
123 silly gunzTarPerm extractEntry .npmignore
124 silly gunzTarPerm extractEntry README.md
125 silly gunzTarPerm extractEntry grunt.js
126 silly gunzTarPerm extractEntry tasks/grunt-spritesmith.js
127 silly gunzTarPerm extractEntry .travis.yml
128 silly gunzTarPerm extractEntry CHANGELOG.md
129 silly gunzTarPerm extractEntry LICENSE-MIT
130 silly gunzTarPerm extractEntry src/grunt-spritesmith.js
131 silly gunzTarPerm extractEntry src-test/Gruntfile.js
132 silly gunzTarPerm extractEntry src-test/grunt-spritesmith.test.js
133 silly gunzTarPerm extractEntry src-test/grunt.js
134 silly gunzTarPerm extractEntry src-test/expected_files/gm.overrides.png
135 silly gunzTarPerm extractEntry src-test/expected_files/canvas.jpg
136 silly gunzTarPerm extractEntry src-test/expected_files/canvas.png
137 silly gunzTarPerm extractEntry src-test/expected_files/css_opts/sprite.png
138 silly gunzTarPerm extractEntry src-test/expected_files/css_opts/sprite_positions.css
139 silly gunzTarPerm extractEntry src-test/expected_files/css_var_map/sprite_positions.styl
140 silly gunzTarPerm extractEntry src-test/expected_files/gm.jpg
141 silly gunzTarPerm extractEntry src-test/expected_files/canvas.overrides.png
142 silly gunzTarPerm extractEntry src-test/expected_files/gm.png
143 silly gunzTarPerm extractEntry src-test/expected_files/sprite_positions.json
144 silly gunzTarPerm extractEntry src-test/expected_files/sprite_positions.overrides.styl
145 silly gunzTarPerm extractEntry src-test/expected_files/sprite_positions.styl
146 silly gunzTarPerm extractEntry src-test/expected_files/sprite_positions_custom_template.styl
147 silly gunzTarPerm extractEntry src-test/test_files/sprite1.png
148 silly gunzTarPerm extractEntry src-test/test_files/sprite2.jpg
149 silly gunzTarPerm extractEntry src-test/test_files/sprite3.png
150 silly gunzTarPerm extractEntry src-test/test_files/template.mustache
151 silly gunzTarPerm extractEntry docs/Gruntfile.js
152 silly gunzTarPerm extractEntry docs/twitter.png
153 silly gunzTarPerm extractEntry docs/alt-diagonal.png
154 silly gunzTarPerm extractEntry docs/binary-tree.css
155 silly gunzTarPerm extractEntry docs/binary-tree.png
156 silly gunzTarPerm extractEntry docs/diagonal.css
157 silly gunzTarPerm extractEntry docs/diagonal.png
158 silly gunzTarPerm extractEntry docs/equals.png
159 silly gunzTarPerm extractEntry docs/fork.png
160 silly gunzTarPerm extractEntry docs/github.png
161 silly gunzTarPerm extractEntry docs/alt-diagonal.css
162 silly gunzTarPerm extractEntry docs/left-right.png
163 silly gunzTarPerm extractEntry docs/main.css
164 silly gunzTarPerm extractEntry docs/main.styl
165 silly gunzTarPerm extractEntry docs/plus.png
166 silly gunzTarPerm extractEntry docs/spritesheet.css.png
167 silly gunzTarPerm extractEntry docs/spritesheet.png
168 silly gunzTarPerm extractEntry docs/top-down.css
169 silly gunzTarPerm extractEntry docs/top-down.png
170 silly gunzTarPerm extractEntry docs/left-right.css
171 silly lockFile 864924ad-grunt-spritesmith-1-12-0-package tar:///Users/lewisnyman/.npm/grunt-spritesmith/1.12.0/package
172 silly lockFile 864924ad-grunt-spritesmith-1-12-0-package tar:///Users/lewisnyman/.npm/grunt-spritesmith/1.12.0/package
173 silly lockFile 91566d48-t-spritesmith-1-12-0-package-tgz tar:///Users/lewisnyman/.npm/grunt-spritesmith/1.12.0/package.tgz
174 silly lockFile 91566d48-t-spritesmith-1-12-0-package-tgz tar:///Users/lewisnyman/.npm/grunt-spritesmith/1.12.0/package.tgz
175 verbose chmod /Users/lewisnyman/.npm/grunt-spritesmith/1.12.0/package.tgz 644
176 verbose chown /Users/lewisnyman/.npm/grunt-spritesmith/1.12.0/package.tgz [ 501, 20 ]
177 silly lockFile c593f87d-ith-grunt-spritesmith-1-12-0-tgz https://registry.npmjs.org/grunt-spritesmith/-/grunt-spritesmith-1.12.0.tgz
178 silly lockFile c593f87d-ith-grunt-spritesmith-1-12-0-tgz https://registry.npmjs.org/grunt-spritesmith/-/grunt-spritesmith-1.12.0.tgz
179 silly lockFile d00be7a9-grunt-spritesmith-1-12-0 grunt-spritesmith@1.12.0
180 silly lockFile d00be7a9-grunt-spritesmith-1-12-0 grunt-spritesmith@1.12.0
181 silly lockFile 4c6c56b6-grunt-spritesmith grunt-spritesmith@
182 silly lockFile 4c6c56b6-grunt-spritesmith grunt-spritesmith@
183 silly resolved [ { name: 'grunt-spritesmith',
183 silly resolved     description: 'Grunt library for using spritesmith',
183 silly resolved     version: '1.12.0',
183 silly resolved     homepage: 'https://github.com/Ensighten/grunt-spritesmith',
183 silly resolved     author:
183 silly resolved      { name: 'Todd Wolfson',
183 silly resolved        email: 'todd@twolfson.com',
183 silly resolved        url: 'http://twolfson.com/' },
183 silly resolved     contributors: [ [Object], [Object], [Object], [Object], [Object], [Object] ],
183 silly resolved     repository:
183 silly resolved      { type: 'git',
183 silly resolved        url: 'git://github.com/Ensighten/grunt-spritesmith.git' },
183 silly resolved     bugs: { url: 'https://github.com/Ensighten/grunt-spritesmith/issues' },
183 silly resolved     licenses: [ [Object] ],
183 silly resolved     main: 'tasks/grunt-spritesmith.js',
183 silly resolved     engines: { node: '>= 0.8.0' },
183 silly resolved     scripts: { test: 'cd src-test && grunt' },
183 silly resolved     dependencies:
183 silly resolved      { spritesmith: '~0.12.1',
183 silly resolved        json2css: '~4.1.0',
183 silly resolved        underscore: '~1.4.2',
183 silly resolved        url2: '*' },
183 silly resolved     _devDependencies: { grunt: '~0.3.12', 'grunt-contrib-clean': '~0.3.2' },
183 silly resolved     devDependencies:
183 silly resolved      { grunt: '~0.4.0',
183 silly resolved        'grunt-contrib-nodeunit': '~0.1.2',
183 silly resolved        'grunt-contrib-clean': '~0.4.0' },
183 silly resolved     keywords:
183 silly resolved      [ 'grunt',
183 silly resolved        'gruntplugin',
183 silly resolved        'sprite',
183 silly resolved        'spritesheet',
183 silly resolved        'css',
183 silly resolved        'spritesmith',
183 silly resolved        'cross-platform' ],
183 silly resolved     readme: '# grunt-spritesmith [![Build status](https://travis-ci.org/Ensighten/grunt-spritesmith.png?branch=master)](https://travis-ci.org/Ensighten/grunt-spritesmith)\n\nGrunt task for converting a set of images into a spritesheet and corresponding CSS variables.\n\nA folder of icons processed by `grunt-spritesmith`:\n\n[![Fork icon][fork-icon]][fork-icon] ![+][]\n[![GitHub icon][github-icon]][github-icon] ![+][]\n[![Twitter icon][twitter-icon]][twitter-icon] ![=][]\n\ngenerates a spritesheet:\n\n[![Spritesheet][spritesheet]][spritesheet]\n\nand CSS variables (available in [CSS][], [JSON][], [SASS][], [SCSS][SASS], [LESS][], [Stylus][]):\n\n```stylus\n$fork_offset_x = 0px;\n$fork_offset_y = 0px;\n$fork_width = 32px;\n$fork_height = 32px;\n...\n$github_offset_x = -32px;\n$github_offset_y = 0px;\n$github_width = 32px;\n$github_height = 32px;\n...\n```\n\n[+]: docs/plus.png\n[=]: docs/equals.png\n[fork-icon]: docs/fork.png\n[github-icon]: docs/github.png\n[twitter-icon]: docs/twitter.png\n[spritesheet]: docs/spritesheet.png\n\n[CSS]: https://developer.mozilla.org/en-US/docs/Web/CSS\n[JSON]: http://www.json.org/\n[SASS]: http://sass-lang.com/\n[LESS]: http://lesscss.org/\n[Stylus]: http://learnboost.github.com/stylus/\n\n### Cross-platform support\n\n`grunt-spritesmith` is supported and tested on Windows, Linux, and Mac OSX.\n\n## Getting Started\n`grunt-spritesmith` can be installed via npm: `npm install grunt-spritesmith`\n\n#### Before proceeding, verify you have [satisfied your preferred engine\'s requirements][requirements]. ####\n\n[requirements]: #requirements\n\nThen, add and configure it to your grunt file (`grunt.js` or `Gruntfile.js` depending on your version):\n\n```javascript\nmodule.exports = function (grunt) {\n  // Configure grunt\n  grunt.initConfig({\n    sprite:{\n      all: {\n        src: \'path/to/your/sprites/*.png\',\n        destImg: \'destination/of/spritesheet.png\',\n        destCSS: \'destination/of/sprites.css\'\n      }\n    }\n  });\n\n  // Load in `grunt-spritesmith`\n  grunt.loadNpmTasks(\'grunt-spritesmith\');\n```\n\nRun the `grunt sprite` task:\n\n```bash\n$ grunt sprite\nRunning "sprite:all" (sprite) task\nFiles "spritesheet.png", "sprites.styl" created.\n\nDone, without errors.\n```\n\nResults are a spritesheet and CSS:\n\n[![Spritesheet][spritesheet]][spritesheet]\n\n```\n.icon-fork {\n  background-image: url(spritesheet.png);\n  background-position: 0px 0px;\n  width: 32px;\n  height: 32px;\n}\n...\n```\n\n## Usage\n`grunt-spritesmith` is a [grunt multitask][multitask]. It is configured on a per-task basis using the following template:\n\n[multitask]: http://gruntjs.com/configuring-tasks\n\n```js\ngrunt.initConfig({\n  \'sprite\': {\n    \'all\': {\n      // Sprite files to read in\n      \'src\': [\'public/images/sprites/*.png\'],\n\n      // Location to output spritesheet\n      \'destImg\': \'public/images/sprite.png\',\n\n      // Stylus with variables under sprite names\n      \'destCSS\': \'public/css/sprite_positions.styl\',\n\n      // OPTIONAL: Manual override for imgPath specified in CSS\n      \'imgPath\': \'../sprite.png\',\n\n      // OPTIONAL: Specify algorithm (top-down, left-right, diagonal [\\ format],\n          // alt-diagonal [/ format], binary-tree [best packing])\n      // Visual representations can be found below\n      \'algorithm\': \'alt-diagonal\',\n\n      // OPTIONAL: Specify padding between images\n      \'padding\': 2,\n\n      // OPTIONAL: Specify engine (auto, phantomjs, canvas, gm)\n      \'engine\': \'canvas\',\n\n      // OPTIONAL: Specify CSS format (inferred from destCSS\' extension by default)\n          // (stylus, scss, sass, less, json, jsonArray, css)\n      \'cssFormat\': \'json\',\n\n      // OPTIONAL: Specify a Mustache template to use for destCSS; mutually exclusive to cssFormat\n      \'cssTemplate\': \'public/css/sprite_positions.styl.mustache\',\n\n      // OPTIONAL: Map variable of each sprite\n      \'cssVarMap\': function (sprite) {\n        // `sprite` has `name`, `image` (full path), `x`, `y`\n        //   `width`, `height`, `total_width`, `total_height`\n        // EXAMPLE: Prefix all sprite names with \'sprite-\'\n        sprite.name = \'sprite-\' + sprite.name;\n      },\n\n      // OPTIONAL: Specify settings for engine\n      \'engineOpts\': {\n        \'imagemagick\': true\n      },\n\n      // OPTIONAL: Specify img options\n      \'imgOpts\': {\n         // Format of the image (inferred from destImg\' extension by default) (jpg, png)\n         \'format\': \'png\',\n\n         // Quality of image (gm only)\n         \'quality\': 90\n      },\n\n      // OPTIONAL: Specify css options\n      \'cssOpts\': {\n        // Some templates allow for skipping of function declarations\n        \'functions\': false,\n\n        // CSS template allows for overriding of CSS selectors\n        \'cssClass\': function (item) {\n          return \'.sprite-\' + item.name;\n        }\n      }\n    }\n  }\n});\n```\n\n### Algorithms\n|     top-down (default)    |           left-right          |          diagonal         |            alt-diagonal           |           binary-tree           |\n| ------------------------- | ----------------------------- | ------------------------- | --------------------------------- | ------------------------------- |\n| [![top-down][]][top-down] | [![left-right][]][left-right] | [![diagonal][]][diagonal] | [![alt-diagonal][]][alt-diagonal] | [![binary-tree][]][binary-tree] |\n\nFor best packing, use `binary-tree` which uses a solution to the [rectangle packing problem][packing-problem].\n\n[packing-problem]: http://en.wikipedia.org/wiki/Packing_problem\n\nIf you are worried about sprites being visible within other sprites, use `alt-diagonal`.\n\nIf you are using a repeating background, `top-down` or `left-right` depending on your occasion.\n\nThe `diagonal` algorithm exists for you if you need it.\n\n[top-down]: docs/top-down.png\n[left-right]: docs/left-right.png\n[diagonal]: docs/diagonal.png\n[alt-diagonal]: docs/alt-diagonal.png\n[binary-tree]: docs/binary-tree.png\n\n## Requirements\nFor cross-platform accessibility, [spritesmith][spritesmith] has and supports multiple sprite engines. However, each of these current engines has a different set of external dependencies.\n\n[spritesmith]: https://github.com/Ensighten/spritesmith\n\nIf you are running into issues, consult the [FAQ section](#faqs).\n\n### phantomjs\nThe `phantomjs` engine relies on having [phantomjs][] installed on your machine. Visit [the phantomjs website][phantomjs] for installation instructions.\n\n**Key differences:** `phantomjs` is the most accessible engine.\n\n[spritesmith][] has been tested against `phantomjs@1.9.0`.\n\n[phantomjs]: http://phantomjs.org/\n\n### canvas\nThe `canvas` engine uses [node-canvas][] which has a dependency on [Cairo][cairo].\n\n**Key differences:** `canvas` has the best performance (useful for over 100 sprites). However, it is `UNIX` only.\n\nInstructions on how to install [Cairo][cairo] are provided in the [node-canvas wiki][node-canvas-wiki].\n\nAdditionally, you will need to install [node-gyp][] for the C++ bindings.\n```shell\nsudo npm install -g node-gyp\n```\n\n[node-canvas]: https://github.com/learnboost/node-canvas\n[cairo]: http://cairographics.org/\n[node-canvas-wiki]: https://github.com/LearnBoost/node-canvas/wiki/_pages\n[node-gyp]: https://github.com/TooTallNate/node-gyp/\n\n### gm (Graphics Magick / Image Magick)\nThe `gm` engine depends on [Graphics Magick][graphics-magick] or [Image Magick][image-magick].\n\n**Key differences:** `gm` has the most options for export via `imgOpts`.\n\n[graphics-magick]: http://www.graphicsmagick.org/\n[image-magick]: http://imagemagick.org/\n\nFor the best results, install from the site rather than through a package manager (e.g. `apt-get`). This avoids potential transparency issues which have been reported.\n\n[spritesmith][] has been developed and tested against `1.3.17`.\n\nIf you are using [Image Magick][image-magick], you must specify it in `engineOpts`\n\n```js\n{\n  \'engineOpts\': {\n    \'imagemagick\': true\n  }\n}\n```\n\n## FAQs\n### I am seeing errors during installation.\nIf `npm` exits normally, everything should work. These errors are being caused by `npm` attempting to install the various `spritesmith` engines.\n\n## Contributing\nIn lieu of a formal styleguide, take care to maintain the existing coding style. Add unit tests for any new or changed functionality. Lint via [grunt](https://github.com/gruntjs/grunt/) and test via `npm test`.\n\n### Algorithms\nAlgorithms are maintained via [twolfson/layout](https://github.com/twolfson/layout). If you would like to add one, please submit it via a pull request.\n\n### Engines and image options\nEngines and image options are maintained via [Ensighten/spritesmith](https://github.com/Ensighten/spritesmith). If you would like to add one, please submit it via a pull request.\n\n### CSS formats\nCSS formats are maintained via [twolfson/json2css](https://github.com/twolfson/json2css). If you would like to add one, please submit it via a pull request.\n\n## Attribution\n[GitHub][github-icon] and [Twitter][twitter-icon] icons were taken from [Alex Peattie\'s JustVector Social Icons][justvector].\n\n[Fork][noun-fork-icon] designed by [P.J. Onori][onori] from The Noun Project\n\n[Plus][+] and [Equals][=] icons were built using the [Ubuntu Light typeface][ubuntu-light].\n\n[justvector]: http://alexpeattie.com/projects/justvector_icons/\n[noun-fork-icon]: http://thenounproject.com/noun/fork/#icon-No2813\n[onori]: http://thenounproject.com/somerandomdude\n[ubuntu-light]: http://font.ubuntu.com/\n\n## Donating\nSupport this project and [others by twolfson][gittip] via [gittip][].\n\n[![Support via Gittip][gittip-badge]][gittip]\n\n[gittip-badge]: https://rawgithub.com/twolfson/gittip-badge/master/dist/gittip.png\n[gittip]: https://www.gittip.com/twolfson/\n\n## License\nCopyright (c) 2012-2013 Ensighten\n\nLicensed under the MIT license.\n',
183 silly resolved     readmeFilename: 'README.md',
183 silly resolved     _id: 'grunt-spritesmith@1.12.0',
183 silly resolved     dist: { shasum: '5374647a0029d79a038c0224ad1a9db896429cbf' },
183 silly resolved     _from: 'grunt-spritesmith@',
183 silly resolved     _resolved: 'https://registry.npmjs.org/grunt-spritesmith/-/grunt-spritesmith-1.12.0.tgz' } ]
184 info install grunt-spritesmith@1.12.0 into /Users/lewisnyman/Dropbox/Projects/Web/sport-relief/cr_layout/public/sites/sportrelief.com/themes/sport_relief_2014
185 info installOne grunt-spritesmith@1.12.0
186 info /Users/lewisnyman/Dropbox/Projects/Web/sport-relief/cr_layout/public/sites/sportrelief.com/themes/sport_relief_2014/node_modules/grunt-spritesmith unbuild
187 verbose tar unpack /Users/lewisnyman/.npm/grunt-spritesmith/1.12.0/package.tgz
188 silly lockFile a6460664-4-node-modules-grunt-spritesmith tar:///Users/lewisnyman/Dropbox/Projects/Web/sport-relief/cr_layout/public/sites/sportrelief.com/themes/sport_relief_2014/node_modules/grunt-spritesmith
189 verbose lock tar:///Users/lewisnyman/Dropbox/Projects/Web/sport-relief/cr_layout/public/sites/sportrelief.com/themes/sport_relief_2014/node_modules/grunt-spritesmith /Users/lewisnyman/.npm/a6460664-4-node-modules-grunt-spritesmith.lock
190 silly lockFile 91566d48-t-spritesmith-1-12-0-package-tgz tar:///Users/lewisnyman/.npm/grunt-spritesmith/1.12.0/package.tgz
191 verbose lock tar:///Users/lewisnyman/.npm/grunt-spritesmith/1.12.0/package.tgz /Users/lewisnyman/.npm/91566d48-t-spritesmith-1-12-0-package-tgz.lock
192 silly gunzTarPerm modes [ '755', '644' ]
193 silly gunzTarPerm extractEntry package.json
194 silly gunzTarPerm extractEntry .npmignore
195 silly gunzTarPerm extractEntry README.md
196 silly gunzTarPerm extractEntry grunt.js
197 silly gunzTarPerm extractEntry tasks/grunt-spritesmith.js
198 silly gunzTarPerm extractEntry .travis.yml
199 silly gunzTarPerm extractEntry CHANGELOG.md
200 silly gunzTarPerm extractEntry LICENSE-MIT
201 silly gunzTarPerm extractEntry src/grunt-spritesmith.js
202 silly gunzTarPerm extractEntry src-test/Gruntfile.js
203 silly gunzTarPerm extractEntry src-test/grunt-spritesmith.test.js
204 silly gunzTarPerm extractEntry src-test/grunt.js
205 silly gunzTarPerm extractEntry src-test/expected_files/gm.overrides.png
206 silly gunzTarPerm extractEntry src-test/expected_files/canvas.jpg
207 silly gunzTarPerm extractEntry src-test/expected_files/canvas.png
208 silly gunzTarPerm extractEntry src-test/expected_files/css_opts/sprite.png
209 silly gunzTarPerm extractEntry src-test/expected_files/css_opts/sprite_positions.css
210 silly gunzTarPerm extractEntry src-test/expected_files/css_var_map/sprite_positions.styl
211 silly gunzTarPerm extractEntry src-test/expected_files/gm.jpg
212 silly gunzTarPerm extractEntry src-test/expected_files/canvas.overrides.png
213 silly gunzTarPerm extractEntry src-test/expected_files/gm.png
214 silly gunzTarPerm extractEntry src-test/expected_files/sprite_positions.json
215 silly gunzTarPerm extractEntry src-test/expected_files/sprite_positions.overrides.styl
216 silly gunzTarPerm extractEntry src-test/expected_files/sprite_positions.styl
217 silly gunzTarPerm extractEntry src-test/expected_files/sprite_positions_custom_template.styl
218 silly gunzTarPerm extractEntry src-test/test_files/sprite1.png
219 silly gunzTarPerm extractEntry src-test/test_files/sprite2.jpg
220 silly gunzTarPerm extractEntry src-test/test_files/sprite3.png
221 silly gunzTarPerm extractEntry src-test/test_files/template.mustache
222 silly gunzTarPerm extractEntry docs/Gruntfile.js
223 silly gunzTarPerm extractEntry docs/twitter.png
224 silly gunzTarPerm extractEntry docs/alt-diagonal.png
225 silly gunzTarPerm extractEntry docs/binary-tree.css
226 silly gunzTarPerm extractEntry docs/binary-tree.png
227 silly gunzTarPerm extractEntry docs/diagonal.css
228 silly gunzTarPerm extractEntry docs/diagonal.png
229 silly gunzTarPerm extractEntry docs/equals.png
230 silly gunzTarPerm extractEntry docs/fork.png
231 silly gunzTarPerm extractEntry docs/github.png
232 silly gunzTarPerm extractEntry docs/alt-diagonal.css
233 silly gunzTarPerm extractEntry docs/left-right.png
234 silly gunzTarPerm extractEntry docs/main.css
235 silly gunzTarPerm extractEntry docs/main.styl
236 silly gunzTarPerm extractEntry docs/plus.png
237 silly gunzTarPerm extractEntry docs/spritesheet.css.png
238 silly gunzTarPerm extractEntry docs/spritesheet.png
239 silly gunzTarPerm extractEntry docs/top-down.css
240 silly gunzTarPerm extractEntry docs/top-down.png
241 silly gunzTarPerm extractEntry docs/left-right.css
242 silly lockFile a6460664-4-node-modules-grunt-spritesmith tar:///Users/lewisnyman/Dropbox/Projects/Web/sport-relief/cr_layout/public/sites/sportrelief.com/themes/sport_relief_2014/node_modules/grunt-spritesmith
243 silly lockFile a6460664-4-node-modules-grunt-spritesmith tar:///Users/lewisnyman/Dropbox/Projects/Web/sport-relief/cr_layout/public/sites/sportrelief.com/themes/sport_relief_2014/node_modules/grunt-spritesmith
244 silly lockFile 91566d48-t-spritesmith-1-12-0-package-tgz tar:///Users/lewisnyman/.npm/grunt-spritesmith/1.12.0/package.tgz
245 silly lockFile 91566d48-t-spritesmith-1-12-0-package-tgz tar:///Users/lewisnyman/.npm/grunt-spritesmith/1.12.0/package.tgz
246 info preinstall grunt-spritesmith@1.12.0
247 verbose readDependencies using package.json deps
248 verbose readDependencies using package.json deps
249 verbose cache add [ 'spritesmith@~0.12.1', null ]
250 verbose cache add name=undefined spec="spritesmith@~0.12.1" args=["spritesmith@~0.12.1",null]
251 verbose parsed url { protocol: null,
251 verbose parsed url   slashes: null,
251 verbose parsed url   auth: null,
251 verbose parsed url   host: null,
251 verbose parsed url   port: null,
251 verbose parsed url   hostname: null,
251 verbose parsed url   hash: null,
251 verbose parsed url   search: null,
251 verbose parsed url   query: null,
251 verbose parsed url   pathname: 'spritesmith@~0.12.1',
251 verbose parsed url   path: 'spritesmith@~0.12.1',
251 verbose parsed url   href: 'spritesmith@~0.12.1' }
252 verbose cache add name="spritesmith" spec="~0.12.1" args=["spritesmith","~0.12.1"]
253 verbose parsed url { protocol: null,
253 verbose parsed url   slashes: null,
253 verbose parsed url   auth: null,
253 verbose parsed url   host: null,
253 verbose parsed url   port: null,
253 verbose parsed url   hostname: null,
253 verbose parsed url   hash: null,
253 verbose parsed url   search: null,
253 verbose parsed url   query: null,
253 verbose parsed url   pathname: '~0.12.1',
253 verbose parsed url   path: '~0.12.1',
253 verbose parsed url   href: '~0.12.1' }
254 verbose addNamed [ 'spritesmith', '~0.12.1' ]
255 verbose addNamed [ null, '>=0.12.1-0 <0.13.0-0' ]
256 silly lockFile 61b74b1a-spritesmith-0-12-1 spritesmith@~0.12.1
257 verbose lock spritesmith@~0.12.1 /Users/lewisnyman/.npm/61b74b1a-spritesmith-0-12-1.lock
258 verbose cache add [ 'json2css@~4.1.0', null ]
259 verbose cache add name=undefined spec="json2css@~4.1.0" args=["json2css@~4.1.0",null]
260 verbose parsed url { protocol: null,
260 verbose parsed url   slashes: null,
260 verbose parsed url   auth: null,
260 verbose parsed url   host: null,
260 verbose parsed url   port: null,
260 verbose parsed url   hostname: null,
260 verbose parsed url   hash: null,
260 verbose parsed url   search: null,
260 verbose parsed url   query: null,
260 verbose parsed url   pathname: 'json2css@~4.1.0',
260 verbose parsed url   path: 'json2css@~4.1.0',
260 verbose parsed url   href: 'json2css@~4.1.0' }
261 verbose cache add name="json2css" spec="~4.1.0" args=["json2css","~4.1.0"]
262 verbose parsed url { protocol: null,
262 verbose parsed url   slashes: null,
262 verbose parsed url   auth: null,
262 verbose parsed url   host: null,
262 verbose parsed url   port: null,
262 verbose parsed url   hostname: null,
262 verbose parsed url   hash: null,
262 verbose parsed url   search: null,
262 verbose parsed url   query: null,
262 verbose parsed url   pathname: '~4.1.0',
262 verbose parsed url   path: '~4.1.0',
262 verbose parsed url   href: '~4.1.0' }
263 verbose addNamed [ 'json2css', '~4.1.0' ]
264 verbose addNamed [ null, '>=4.1.0-0 <4.2.0-0' ]
265 silly lockFile 2b2d091c-json2css-4-1-0 json2css@~4.1.0
266 verbose lock json2css@~4.1.0 /Users/lewisnyman/.npm/2b2d091c-json2css-4-1-0.lock
267 verbose cache add [ 'url2@*', null ]
268 verbose cache add name=undefined spec="url2@*" args=["url2@*",null]
269 verbose parsed url { protocol: null,
269 verbose parsed url   slashes: null,
269 verbose parsed url   auth: null,
269 verbose parsed url   host: null,
269 verbose parsed url   port: null,
269 verbose parsed url   hostname: null,
269 verbose parsed url   hash: null,
269 verbose parsed url   search: null,
269 verbose parsed url   query: null,
269 verbose parsed url   pathname: 'url2@*',
269 verbose parsed url   path: 'url2@*',
269 verbose parsed url   href: 'url2@*' }
270 verbose cache add name="url2" spec="*" args=["url2","*"]
271 verbose parsed url { protocol: null,
271 verbose parsed url   slashes: null,
271 verbose parsed url   auth: null,
271 verbose parsed url   host: null,
271 verbose parsed url   port: null,
271 verbose parsed url   hostname: null,
271 verbose parsed url   hash: null,
271 verbose parsed url   search: null,
271 verbose parsed url   query: null,
271 verbose parsed url   pathname: '*',
271 verbose parsed url   path: '*',
271 verbose parsed url   href: '*' }
272 verbose addNamed [ 'url2', '*' ]
273 verbose addNamed [ null, '*' ]
274 silly lockFile 5c370932-url2 url2@*
275 verbose lock url2@* /Users/lewisnyman/.npm/5c370932-url2.lock
276 verbose cache add [ 'underscore@~1.4.2', null ]
277 verbose cache add name=undefined spec="underscore@~1.4.2" args=["underscore@~1.4.2",null]
278 verbose parsed url { protocol: null,
278 verbose parsed url   slashes: null,
278 verbose parsed url   auth: null,
278 verbose parsed url   host: null,
278 verbose parsed url   port: null,
278 verbose parsed url   hostname: null,
278 verbose parsed url   hash: null,
278 verbose parsed url   search: null,
278 verbose parsed url   query: null,
278 verbose parsed url   pathname: 'underscore@~1.4.2',
278 verbose parsed url   path: 'underscore@~1.4.2',
278 verbose parsed url   href: 'underscore@~1.4.2' }
279 verbose cache add name="underscore" spec="~1.4.2" args=["underscore","~1.4.2"]
280 verbose parsed url { protocol: null,
280 verbose parsed url   slashes: null,
280 verbose parsed url   auth: null,
280 verbose parsed url   host: null,
280 verbose parsed url   port: null,
280 verbose parsed url   hostname: null,
280 verbose parsed url   hash: null,
280 verbose parsed url   search: null,
280 verbose parsed url   query: null,
280 verbose parsed url   pathname: '~1.4.2',
280 verbose parsed url   path: '~1.4.2',
280 verbose parsed url   href: '~1.4.2' }
281 verbose addNamed [ 'underscore', '~1.4.2' ]
282 verbose addNamed [ null, '>=1.4.2-0 <1.5.0-0' ]
283 silly lockFile 0234e20e-underscore-1-4-2 underscore@~1.4.2
284 verbose lock underscore@~1.4.2 /Users/lewisnyman/.npm/0234e20e-underscore-1-4-2.lock
285 silly addNameRange { name: 'spritesmith',
285 silly addNameRange   range: '>=0.12.1-0 <0.13.0-0',
285 silly addNameRange   hasData: false }
286 silly addNameRange { name: 'json2css', range: '>=4.1.0-0 <4.2.0-0', hasData: false }
287 silly addNameRange { name: 'url2', range: '*', hasData: false }
288 silly addNameRange { name: 'underscore',
288 silly addNameRange   range: '>=1.4.2-0 <1.5.0-0',
288 silly addNameRange   hasData: false }
289 verbose url raw spritesmith
290 verbose url resolving [ 'https://registry.npmjs.org/', './spritesmith' ]
291 verbose url resolved https://registry.npmjs.org/spritesmith
292 info trying registry request attempt 1 at 15:45:52
293 http GET https://registry.npmjs.org/spritesmith
294 verbose url raw json2css
295 verbose url resolving [ 'https://registry.npmjs.org/', './json2css' ]
296 verbose url resolved https://registry.npmjs.org/json2css
297 info trying registry request attempt 1 at 15:45:52
298 http GET https://registry.npmjs.org/json2css
299 verbose url raw url2
300 verbose url resolving [ 'https://registry.npmjs.org/', './url2' ]
301 verbose url resolved https://registry.npmjs.org/url2
302 info trying registry request attempt 1 at 15:45:52
303 http GET https://registry.npmjs.org/url2
304 verbose url raw underscore
305 verbose url resolving [ 'https://registry.npmjs.org/', './underscore' ]
306 verbose url resolved https://registry.npmjs.org/underscore
307 info trying registry request attempt 1 at 15:45:52
308 verbose etag "5B5TFBCUD4EE1HARVYGBG8GFE"
309 http GET https://registry.npmjs.org/underscore
310 info retry will retry, error on last attempt: Error: socket hang up
311 info retry will retry, error on last attempt: Error: socket hang up
312 info retry will retry, error on last attempt: Error: socket hang up
313 info retry will retry, error on last attempt: Error: socket hang up
314 info trying registry request attempt 2 at 15:46:29
315 http GET https://registry.npmjs.org/json2css
316 info trying registry request attempt 2 at 15:46:29
317 http GET https://registry.npmjs.org/spritesmith
318 info trying registry request attempt 2 at 15:46:29
319 verbose etag "5B5TFBCUD4EE1HARVYGBG8GFE"
320 http GET https://registry.npmjs.org/underscore
321 info trying registry request attempt 2 at 15:46:29
322 http GET https://registry.npmjs.org/url2
323 info retry will retry, error on last attempt: Error: socket hang up
324 info retry will retry, error on last attempt: Error: socket hang up
325 info retry will retry, error on last attempt: Error: socket hang up
326 info retry will retry, error on last attempt: Error: socket hang up
327 info trying registry request attempt 3 at 15:47:53
328 http GET https://registry.npmjs.org/spritesmith
329 info trying registry request attempt 3 at 15:47:53
330 http GET https://registry.npmjs.org/url2
331 info trying registry request attempt 3 at 15:47:53
332 verbose etag "5B5TFBCUD4EE1HARVYGBG8GFE"
333 http GET https://registry.npmjs.org/underscore
334 info trying registry request attempt 3 at 15:47:53
335 http GET https://registry.npmjs.org/json2css
336 silly lockFile 61b74b1a-spritesmith-0-12-1 spritesmith@~0.12.1
337 silly lockFile 61b74b1a-spritesmith-0-12-1 spritesmith@~0.12.1
338 verbose about to build /Users/lewisnyman/Dropbox/Projects/Web/sport-relief/cr_layout/public/sites/sportrelief.com/themes/sport_relief_2014/node_modules/grunt-spritesmith
339 info /Users/lewisnyman/Dropbox/Projects/Web/sport-relief/cr_layout/public/sites/sportrelief.com/themes/sport_relief_2014/node_modules/grunt-spritesmith unbuild
340 info preuninstall grunt-spritesmith@1.12.0
341 info uninstall grunt-spritesmith@1.12.0
342 verbose true,/Users/lewisnyman/Dropbox/Projects/Web/sport-relief/cr_layout/public/sites/sportrelief.com/themes/sport_relief_2014/node_modules,/Users/lewisnyman/Dropbox/Projects/Web/sport-relief/cr_layout/public/sites/sportrelief.com/themes/sport_relief_2014/node_modules unbuild grunt-spritesmith@1.12.0
343 info postuninstall grunt-spritesmith@1.12.0
344 error network socket hang up
344 error network This is most likely not a problem with npm itself
344 error network and is related to network connectivity.
344 error network In most cases you are behind a proxy or have bad network settings.
344 error network
344 error network If you are behind a proxy, please make sure that the
344 error network 'proxy' config is set properly.  See: 'npm help config'
345 error System Darwin 13.0.0
346 error command "node" "/usr/local/bin/npm" "install" "grunt-spritesmith"
347 error cwd /Users/lewisnyman/Dropbox/Projects/Web/sport-relief/cr_layout/public/sites/sportrelief.com/themes/sport_relief_2014
348 error node -v v0.10.21
349 error npm -v 1.3.11
350 error code ECONNRESET
351 verbose exit [ 1, true ]
